<?xml version="1.0" encoding="UTF-8"?>
<!-- Generated by org.testng.reporters.JUnitReportReporter -->
<testsuite hostname="1140-VSMSDN11" failures="0" tests="1" name="com.Deploy.Appsupdatedonschedule_21" time="85.616" errors="0" timestamp="2024-09-04T10:44:47 IST" skipped="0">
  <testcase classname="com.Deploy.Appsupdatedonschedule_21" name="Assignpolicy" time="85.616"/>
  <system-out/>
</testsuite> <!-- com.Deploy.Appsupdatedonschedule_21 -->
