<?xml version="1.0" encoding="UTF-8"?>
<!-- Generated by org.testng.reporters.JUnitReportReporter -->
<testsuite hostname="1140-VSMSDN11" failures="0" tests="1" name="com.Deploy.Wksreportstoconsole_4" time="91.363" errors="0" timestamp="2024-08-19T11:03:12 IST" skipped="0">
  <testcase classname="com.Deploy.Wksreportstoconsole_4" name="main" time="91.363"/>
  <system-out/>
</testsuite> <!-- com.Deploy.Wksreportstoconsole_4 -->
