<?xml version="1.0" encoding="UTF-8"?>
<!-- Generated by org.testng.reporters.JUnitReportReporter -->
<testsuite hostname="1140-0929" failures="0" tests="1" name="com.Deploy.Cacheinstall_5" time="40.696" errors="0" timestamp="2024-08-01T12:09:15 IST" skipped="0">
  <testcase classname="com.Deploy.Cacheinstall_5" name="Cacheinstall" time="40.696"/>
  <system-out/>
</testsuite> <!-- com.Deploy.Cacheinstall_5 -->
