<?xml version="1.0" encoding="UTF-8"?>
<!-- Generated by org.testng.reporters.JUnitReportReporter -->
<testsuite hostname="1140-VSMSDN11" failures="0" tests="1" name="com.Deploy.InstalledAppusingApppreset_13" time="74.789" errors="0" timestamp="2024-08-21T10:26:20 IST" skipped="0">
  <testcase classname="com.Deploy.InstalledAppusingApppreset_13" name="InstalledAppusingApppreset" time="74.789"/>
  <system-out/>
</testsuite> <!-- com.Deploy.InstalledAppusingApppreset_13 -->
