<?xml version="1.0" encoding="UTF-8"?>
<!-- Generated by org.testng.reporters.JUnitReportReporter -->
<testsuite hostname="1140-VSMSDN11" failures="0" tests="1" name="com.Deploy.ViewScreen_10" time="37.269" errors="0" timestamp="2024-08-21T09:52:55 IST" skipped="0">
  <testcase classname="com.Deploy.ViewScreen_10" name="ViewScreen" time="37.269"/>
  <system-out/>
</testsuite> <!-- com.Deploy.ViewScreen_10 -->
