<?xml version="1.0" encoding="UTF-8"?>
<!-- Generated by org.testng.reporters.JUnitReportReporter -->
<testsuite hostname="1140-VSMSDN11" failures="0" tests="1" name="com.Deploy.AppsupdatedusingUpdatebutton_18" time="41.617" errors="0" timestamp="2024-08-28T10:57:58 IST" skipped="0">
  <testcase classname="com.Deploy.AppsupdatedusingUpdatebutton_18" name="Appsupdate" time="41.617"/>
  <system-out/>
</testsuite> <!-- com.Deploy.AppsupdatedusingUpdatebutton_18 -->
