<?xml version="1.0" encoding="UTF-8"?>
<!-- Generated by org.testng.reporters.JUnitReportReporter -->
<testsuite hostname="1140-VSMSDN11" failures="0" tests="1" name="com.Deploy.RemotePro_15" time="33.885" errors="0" timestamp="2024-08-14T11:43:42 IST" skipped="0">
  <testcase classname="com.Deploy.RemotePro_15" name="RemotePro" time="33.885"/>
  <system-out/>
</testsuite> <!-- com.Deploy.RemotePro_15 -->
