<?xml version="1.0" encoding="UTF-8"?>
<!-- Generated by org.testng.reporters.JUnitReportReporter -->
<testsuite hostname="1140-VSMSDN11" failures="0" tests="1" name="com.Deploy.Assignpolicy_19" time="54.129" errors="0" timestamp="2024-09-03T11:27:54 IST" skipped="0">
  <testcase classname="com.Deploy.Assignpolicy_19" name="Assignpolicy" time="54.129"/>
  <system-out/>
</testsuite> <!-- com.Deploy.Assignpolicy_19 -->
