<?xml version="1.0" encoding="UTF-8"?>
<!-- Generated by org.testng.reporters.JUnitReportReporter -->
<testsuite hostname="1140-VSMSDN11" failures="0" tests="1" name="com.Deploy.AppsupdatedusingUpdatebutton_18" time="37.329" errors="0" timestamp="2024-08-29T09:58:33 IST" skipped="0">
  <testcase classname="com.Deploy.AppsupdatedusingUpdatebutton_18" name="Appsupdate" time="37.329"/>
  <system-out/>
</testsuite> <!-- com.Deploy.AppsupdatedusingUpdatebutton_18 -->
