<?xml version="1.0" encoding="UTF-8"?>
<!-- Generated by org.testng.reporters.JUnitReportReporter -->
<testsuite hostname="1140-VSMSDN11" failures="0" tests="1" name="com.Deploy.Apppresets_5" time="29.597" errors="0" timestamp="2024-08-30T10:15:24 IST" skipped="0">
  <testcase classname="com.Deploy.Apppresets_5" name="Apppreset" time="29.597"/>
  <system-out/>
</testsuite> <!-- com.Deploy.Apppresets_5 -->
