<?xml version="1.0" encoding="UTF-8"?>
<!-- Generated by org.testng.reporters.JUnitReportReporter -->
<testsuite hostname="1140-0929" failures="0" tests="1" name="com.Deploy.Hello" time="0.014" errors="0" timestamp="2024-07-12T13:57:38 IST" skipped="0">
  <testcase classname="com.Deploy.Hello" name="hello" time="0.014"/>
  <system-out/>
</testsuite> <!-- com.Deploy.Hello -->
