<?xml version="1.0" encoding="UTF-8"?>
<!-- Generated by org.testng.reporters.JUnitReportReporter -->
<testsuite hostname="1140-VSMSDN11" failures="0" tests="1" name="com.Deploy.TagtoWks_12" time="36.334" errors="0" timestamp="2024-08-20T10:27:15 IST" skipped="0">
  <testcase classname="com.Deploy.TagtoWks_12" name="TagtoWks" time="36.334"/>
  <system-out/>
</testsuite> <!-- com.Deploy.TagtoWks_12 -->
