<?xml version="1.0" encoding="UTF-8"?>
<!-- Generated by org.testng.reporters.JUnitReportReporter -->
<testsuite hostname="1140-VSMSDN11" failures="0" tests="1" name="com.Deploy.Restart_Wks_9" time="30.019" errors="0" timestamp="2024-08-19T12:28:11 IST" skipped="0">
  <testcase classname="com.Deploy.Restart_Wks_9" name="Shutdown" time="30.019"/>
  <system-out/>
</testsuite> <!-- com.Deploy.Restart_Wks_9 -->
