<?xml version="1.0" encoding="UTF-8"?>
<!-- Generated by org.testng.reporters.JUnitReportReporter -->
<testsuite hostname="1140-0929" failures="0" tests="1" name="com.Deploy.Wksreportstoconsole_4" time="63.713" errors="0" timestamp="2024-08-01T11:50:16 IST" skipped="0">
  <testcase classname="com.Deploy.Wksreportstoconsole_4" name="main" time="63.713"/>
  <system-out/>
</testsuite> <!-- com.Deploy.Wksreportstoconsole_4 -->
