<?xml version="1.0" encoding="UTF-8"?>
<!-- Generated by org.testng.reporters.JUnitReportReporter -->
<testsuite hostname="1140-VSMSDN11" failures="0" tests="1" name="com.Deploy.customscript_17" time="123.853" errors="0" timestamp="2024-08-27T10:17:01 IST" skipped="0">
  <testcase classname="com.Deploy.customscript_17" name="customscript" time="123.853"/>
  <system-out/>
</testsuite> <!-- com.Deploy.customscript_17 -->
