<?xml version="1.0" encoding="UTF-8"?>
<!-- Generated by org.testng.reporters.JUnitReportReporter -->
<testsuite hostname="1140-VSMSDN11" failures="0" tests="1" name="com.Deploy.Assigngroup_20" time="65.023" errors="0" timestamp="2024-08-29T12:05:40 IST" skipped="0">
  <testcase classname="com.Deploy.Assigngroup_20" name="Assigngroup" time="65.023"/>
  <system-out/>
</testsuite> <!-- com.Deploy.Assigngroup_20 -->
