<?xml version="1.0" encoding="UTF-8"?>
<!-- Generated by org.testng.reporters.JUnitReportReporter -->
<testsuite hostname="1140-VSMSDN11" failures="0" tests="1" name="com.Deploy.VNC_14" time="30.215" errors="0" timestamp="2024-08-14T11:07:16 IST" skipped="0">
  <testcase classname="com.Deploy.VNC_14" name="Shutdown" time="30.215"/>
  <system-out/>
</testsuite> <!-- com.Deploy.VNC_14 -->
