<?xml version="1.0" encoding="UTF-8"?>
<!-- Generated by org.testng.reporters.JUnitReportReporter -->
<testsuite hostname="1140-VSMSDN11" failures="0" tests="1" name="com.Deploy.Remoteconnect_13" time="29.316" errors="0" timestamp="2024-08-14T11:08:15 IST" skipped="0">
  <testcase classname="com.Deploy.Remoteconnect_13" name="Shutdown" time="29.316"/>
  <system-out/>
</testsuite> <!-- com.Deploy.Remoteconnect_13 -->
