<?xml version="1.0" encoding="UTF-8"?>
<!-- Generated by org.testng.reporters.JUnitReportReporter -->
<testsuite hostname="1140-VSMSDN11" failures="0" tests="1" name="com.Deploy.Appsupdatedaccordingpolicy_22" time="30.045" errors="0" timestamp="2024-09-04T11:13:42 IST" skipped="0">
  <testcase classname="com.Deploy.Appsupdatedaccordingpolicy_22" name="Assignpolicy" time="30.045"/>
  <system-out/>
</testsuite> <!-- com.Deploy.Appsupdatedaccordingpolicy_22 -->
