<?xml version="1.0" encoding="UTF-8"?>
<!-- Generated by org.testng.reporters.JUnitReportReporter -->
<testsuite hostname="1140-0929" failures="0" tests="1" name="com.Deploy.ViewScreen_10" time="38.238" errors="0" timestamp="2024-08-07T12:25:00 IST" skipped="0">
  <testcase classname="com.Deploy.ViewScreen_10" name="Shutdown" time="38.238"/>
  <system-out/>
</testsuite> <!-- com.Deploy.ViewScreen_10 -->
