<?xml version="1.0" encoding="UTF-8"?>
<!-- Generated by org.testng.reporters.JUnitReportReporter -->
<testsuite hostname="1140-0929" failures="0" tests="1" name="com.Deploy.Applogin_1" time="3.959" errors="0" timestamp="2024-08-01T11:54:41 IST" skipped="0">
  <testcase classname="com.Deploy.Applogin_1" name="Login" time="3.959"/>
  <system-out/>
</testsuite> <!-- com.Deploy.Applogin_1 -->
