<?xml version="1.0" encoding="UTF-8"?>
<!-- Generated by org.testng.reporters.JUnitReportReporter -->
<testsuite hostname="1140-VSMSDN11" failures="0" tests="1" name="com.Deploy.customscript_16" time="39.123" errors="0" timestamp="2024-08-21T11:10:31 IST" skipped="0">
  <testcase classname="com.Deploy.customscript_16" name="customscript" time="39.123"/>
  <system-out/>
</testsuite> <!-- com.Deploy.customscript_16 -->
