<?xml version="1.0" encoding="UTF-8"?>
<!-- Generated by org.testng.reporters.JUnitReportReporter -->
<testsuite hostname="1140-0929" failures="0" tests="1" name="com.Deploy.Restart_Wks_9" time="48.225" errors="0" timestamp="2024-08-07T12:15:32 IST" skipped="0">
  <testcase classname="com.Deploy.Restart_Wks_9" name="Shutdown" time="48.225"/>
  <system-out/>
</testsuite> <!-- com.Deploy.Restart_Wks_9 -->
