<?xml version="1.0" encoding="UTF-8"?>
<!-- Generated by org.testng.reporters.JUnitReportReporter -->
<testsuite hostname="1140-0929" failures="0" tests="1" name="com.Deploy.Cacheuninstall_7" time="106.774" errors="0" timestamp="2024-08-06T12:37:09 IST" skipped="0">
  <testcase classname="com.Deploy.Cacheuninstall_7" name="Cacheinstall" time="106.774"/>
  <system-out/>
</testsuite> <!-- com.Deploy.Cacheuninstall_7 -->
