<?xml version="1.0" encoding="UTF-8"?>
<!-- Generated by org.testng.reporters.JUnitReportReporter -->
<testsuite hostname="1140-0929" failures="0" tests="1" name="com.Deploy.Cacheinstall_6" time="40.112" errors="0" timestamp="2024-08-06T11:48:29 IST" skipped="0">
  <testcase classname="com.Deploy.Cacheinstall_6" name="Cacheinstall" time="40.112"/>
  <system-out/>
</testsuite> <!-- com.Deploy.Cacheinstall_6 -->
