<?xml version="1.0" encoding="UTF-8"?>
<!-- Generated by org.testng.reporters.JUnitReportReporter -->
<testsuite hostname="1140-VSMSDN11" failures="0" tests="1" name="com.Deploy.InstalledAppusingApppreset_12" time="63.785" errors="0" timestamp="2024-08-13T12:23:23 IST" skipped="0">
  <testcase classname="com.Deploy.InstalledAppusingApppreset_12" name="InstalledAppusingApppreset" time="63.785"/>
  <system-out/>
</testsuite> <!-- com.Deploy.InstalledAppusingApppreset_12 -->
